{"/home/deadkff01/Desktop/jotto-redux/src/App.js": {"path":"/home/deadkff01/Desktop/jotto-redux/src/App.js","statementMap":{"0":{"start":{"line":17,"column":4},"end":{"line":17,"column":30}},"1":{"start":{"line":21,"column":50},"end":{"line":21,"column":60}},"2":{"start":{"line":22,"column":4},"end":{"line":30,"column":5}},"3":{"start":{"line":43,"column":31},"end":{"line":46,"column":1}},"4":{"start":{"line":44,"column":48},"end":{"line":44,"column":53}},"5":{"start":{"line":45,"column":2},"end":{"line":45,"column":46}},"6":{"start":{"line":47,"column":34},"end":{"line":47,"column":93}},"7":{"start":{"line":47,"column":46},"end":{"line":47,"column":93}}},"fnMap":{"0":{"name":"(anonymous_0)","decl":{"start":{"line":16,"column":2},"end":{"line":16,"column":3}},"loc":{"start":{"line":16,"column":22},"end":{"line":18,"column":3}},"line":16},"1":{"name":"(anonymous_1)","decl":{"start":{"line":20,"column":2},"end":{"line":20,"column":3}},"loc":{"start":{"line":20,"column":11},"end":{"line":31,"column":3}},"line":20},"2":{"name":"(anonymous_2)","decl":{"start":{"line":43,"column":31},"end":{"line":43,"column":32}},"loc":{"start":{"line":43,"column":40},"end":{"line":46,"column":1}},"line":43},"3":{"name":"(anonymous_3)","decl":{"start":{"line":47,"column":34},"end":{"line":47,"column":35}},"loc":{"start":{"line":47,"column":46},"end":{"line":47,"column":93}},"line":47}},"branchMap":{},"s":{"0":4,"1":4,"2":4,"3":1,"4":3,"5":3,"6":1,"7":4},"f":{"0":4,"1":4,"2":3,"3":4},"b":{},"_coverageSchema":"43e27e138ebf9cfc5966b082cf9a028302ed4184","hash":"db8fb0697a59d45d99d01b62db9f053dcf4f4c5d"}
,"/home/deadkff01/Desktop/jotto-redux/src/configureStore.js": {"path":"/home/deadkff01/Desktop/jotto-redux/src/configureStore.js","statementMap":{"0":{"start":{"line":5,"column":27},"end":{"line":5,"column":34}},"1":{"start":{"line":7,"column":14},"end":{"line":7,"column":62}}},"fnMap":{},"branchMap":{},"s":{"0":6,"1":6},"f":{},"b":{},"_coverageSchema":"43e27e138ebf9cfc5966b082cf9a028302ed4184","hash":"dc9a1c52e37f6123743c5d591643f51ca7a48282"}
,"/home/deadkff01/Desktop/jotto-redux/src/index.js": {"path":"/home/deadkff01/Desktop/jotto-redux/src/index.js","statementMap":{"0":{"start":{"line":9,"column":0},"end":{"line":14,"column":1}},"1":{"start":{"line":19,"column":0},"end":{"line":19,"column":26}}},"fnMap":{},"branchMap":{},"s":{"0":0,"1":0},"f":{},"b":{},"hash":"598771acd681ea7a83fe55ea31e485b977ba42e9"}
,"/home/deadkff01/Desktop/jotto-redux/src/serviceWorker.js": {"path":"/home/deadkff01/Desktop/jotto-redux/src/serviceWorker.js","statementMap":{"0":{"start":{"line":13,"column":20},"end":{"line":19,"column":1}},"1":{"start":{"line":22,"column":2},"end":{"line":52,"column":3}},"2":{"start":{"line":24,"column":22},"end":{"line":24,"column":75}},"3":{"start":{"line":25,"column":4},"end":{"line":30,"column":5}},"4":{"start":{"line":29,"column":6},"end":{"line":29,"column":12}},"5":{"start":{"line":32,"column":4},"end":{"line":51,"column":6}},"6":{"start":{"line":33,"column":20},"end":{"line":33,"column":65}},"7":{"start":{"line":35,"column":6},"end":{"line":50,"column":7}},"8":{"start":{"line":37,"column":8},"end":{"line":37,"column":46}},"9":{"start":{"line":41,"column":8},"end":{"line":46,"column":10}},"10":{"start":{"line":42,"column":10},"end":{"line":45,"column":11}},"11":{"start":{"line":49,"column":8},"end":{"line":49,"column":38}},"12":{"start":{"line":56,"column":2},"end":{"line":96,"column":6}},"13":{"start":{"line":59,"column":6},"end":{"line":92,"column":7}},"14":{"start":{"line":60,"column":33},"end":{"line":60,"column":56}},"15":{"start":{"line":61,"column":8},"end":{"line":63,"column":9}},"16":{"start":{"line":62,"column":10},"end":{"line":62,"column":16}},"17":{"start":{"line":64,"column":8},"end":{"line":91,"column":9}},"18":{"start":{"line":65,"column":10},"end":{"line":90,"column":11}},"19":{"start":{"line":66,"column":12},"end":{"line":89,"column":13}},"20":{"start":{"line":70,"column":14},"end":{"line":73,"column":15}},"21":{"start":{"line":76,"column":14},"end":{"line":78,"column":15}},"22":{"start":{"line":77,"column":16},"end":{"line":77,"column":45}},"23":{"start":{"line":83,"column":14},"end":{"line":83,"column":63}},"24":{"start":{"line":86,"column":14},"end":{"line":88,"column":15}},"25":{"start":{"line":87,"column":16},"end":{"line":87,"column":46}},"26":{"start":{"line":95,"column":6},"end":{"line":95,"column":71}},"27":{"start":{"line":101,"column":2},"end":{"line":119,"column":6}},"28":{"start":{"line":104,"column":26},"end":{"line":104,"column":62}},"29":{"start":{"line":105,"column":6},"end":{"line":115,"column":7}},"30":{"start":{"line":107,"column":8},"end":{"line":111,"column":10}},"31":{"start":{"line":108,"column":10},"end":{"line":110,"column":12}},"32":{"start":{"line":109,"column":12},"end":{"line":109,"column":36}},"33":{"start":{"line":114,"column":8},"end":{"line":114,"column":38}},"34":{"start":{"line":118,"column":6},"end":{"line":118,"column":82}},"35":{"start":{"line":123,"column":2},"end":{"line":127,"column":3}},"36":{"start":{"line":124,"column":4},"end":{"line":126,"column":6}},"37":{"start":{"line":125,"column":6},"end":{"line":125,"column":31}}},"fnMap":{"0":{"name":"register","decl":{"start":{"line":21,"column":16},"end":{"line":21,"column":24}},"loc":{"start":{"line":21,"column":33},"end":{"line":53,"column":1}},"line":21},"1":{"name":"(anonymous_1)","decl":{"start":{"line":32,"column":36},"end":{"line":32,"column":37}},"loc":{"start":{"line":32,"column":42},"end":{"line":51,"column":5}},"line":32},"2":{"name":"(anonymous_2)","decl":{"start":{"line":41,"column":43},"end":{"line":41,"column":44}},"loc":{"start":{"line":41,"column":49},"end":{"line":46,"column":9}},"line":41},"3":{"name":"registerValidSW","decl":{"start":{"line":55,"column":9},"end":{"line":55,"column":24}},"loc":{"start":{"line":55,"column":40},"end":{"line":97,"column":1}},"line":55},"4":{"name":"(anonymous_4)","decl":{"start":{"line":58,"column":10},"end":{"line":58,"column":11}},"loc":{"start":{"line":58,"column":26},"end":{"line":93,"column":5}},"line":58},"5":{"name":"(anonymous_5)","decl":{"start":{"line":59,"column":35},"end":{"line":59,"column":36}},"loc":{"start":{"line":59,"column":41},"end":{"line":92,"column":7}},"line":59},"6":{"name":"(anonymous_6)","decl":{"start":{"line":64,"column":41},"end":{"line":64,"column":42}},"loc":{"start":{"line":64,"column":47},"end":{"line":91,"column":9}},"line":64},"7":{"name":"(anonymous_7)","decl":{"start":{"line":94,"column":11},"end":{"line":94,"column":12}},"loc":{"start":{"line":94,"column":20},"end":{"line":96,"column":5}},"line":94},"8":{"name":"checkValidServiceWorker","decl":{"start":{"line":99,"column":9},"end":{"line":99,"column":32}},"loc":{"start":{"line":99,"column":48},"end":{"line":120,"column":1}},"line":99},"9":{"name":"(anonymous_9)","decl":{"start":{"line":102,"column":10},"end":{"line":102,"column":11}},"loc":{"start":{"line":102,"column":22},"end":{"line":116,"column":5}},"line":102},"10":{"name":"(anonymous_10)","decl":{"start":{"line":107,"column":43},"end":{"line":107,"column":44}},"loc":{"start":{"line":107,"column":59},"end":{"line":111,"column":9}},"line":107},"11":{"name":"(anonymous_11)","decl":{"start":{"line":108,"column":41},"end":{"line":108,"column":42}},"loc":{"start":{"line":108,"column":47},"end":{"line":110,"column":11}},"line":108},"12":{"name":"(anonymous_12)","decl":{"start":{"line":117,"column":11},"end":{"line":117,"column":12}},"loc":{"start":{"line":117,"column":17},"end":{"line":119,"column":5}},"line":117},"13":{"name":"unregister","decl":{"start":{"line":122,"column":16},"end":{"line":122,"column":26}},"loc":{"start":{"line":122,"column":29},"end":{"line":128,"column":1}},"line":122},"14":{"name":"(anonymous_14)","decl":{"start":{"line":124,"column":39},"end":{"line":124,"column":40}},"loc":{"start":{"line":124,"column":55},"end":{"line":126,"column":5}},"line":124}},"branchMap":{"0":{"loc":{"start":{"line":14,"column":2},"end":{"line":18,"column":92}},"type":"binary-expr","locations":[{"start":{"line":14,"column":2},"end":{"line":14,"column":42}},{"start":{"line":16,"column":4},"end":{"line":16,"column":40}},{"start":{"line":18,"column":4},"end":{"line":18,"column":92}}],"line":14},"1":{"loc":{"start":{"line":22,"column":2},"end":{"line":52,"column":3}},"type":"if","locations":[{"start":{"line":22,"column":2},"end":{"line":52,"column":3}},{"start":{"line":22,"column":2},"end":{"line":52,"column":3}}],"line":22},"2":{"loc":{"start":{"line":22,"column":6},"end":{"line":22,"column":75}},"type":"binary-expr","locations":[{"start":{"line":22,"column":6},"end":{"line":22,"column":43}},{"start":{"line":22,"column":47},"end":{"line":22,"column":75}}],"line":22},"3":{"loc":{"start":{"line":25,"column":4},"end":{"line":30,"column":5}},"type":"if","locations":[{"start":{"line":25,"column":4},"end":{"line":30,"column":5}},{"start":{"line":25,"column":4},"end":{"line":30,"column":5}}],"line":25},"4":{"loc":{"start":{"line":35,"column":6},"end":{"line":50,"column":7}},"type":"if","locations":[{"start":{"line":35,"column":6},"end":{"line":50,"column":7}},{"start":{"line":35,"column":6},"end":{"line":50,"column":7}}],"line":35},"5":{"loc":{"start":{"line":61,"column":8},"end":{"line":63,"column":9}},"type":"if","locations":[{"start":{"line":61,"column":8},"end":{"line":63,"column":9}},{"start":{"line":61,"column":8},"end":{"line":63,"column":9}}],"line":61},"6":{"loc":{"start":{"line":65,"column":10},"end":{"line":90,"column":11}},"type":"if","locations":[{"start":{"line":65,"column":10},"end":{"line":90,"column":11}},{"start":{"line":65,"column":10},"end":{"line":90,"column":11}}],"line":65},"7":{"loc":{"start":{"line":66,"column":12},"end":{"line":89,"column":13}},"type":"if","locations":[{"start":{"line":66,"column":12},"end":{"line":89,"column":13}},{"start":{"line":66,"column":12},"end":{"line":89,"column":13}}],"line":66},"8":{"loc":{"start":{"line":76,"column":14},"end":{"line":78,"column":15}},"type":"if","locations":[{"start":{"line":76,"column":14},"end":{"line":78,"column":15}},{"start":{"line":76,"column":14},"end":{"line":78,"column":15}}],"line":76},"9":{"loc":{"start":{"line":76,"column":18},"end":{"line":76,"column":43}},"type":"binary-expr","locations":[{"start":{"line":76,"column":18},"end":{"line":76,"column":24}},{"start":{"line":76,"column":28},"end":{"line":76,"column":43}}],"line":76},"10":{"loc":{"start":{"line":86,"column":14},"end":{"line":88,"column":15}},"type":"if","locations":[{"start":{"line":86,"column":14},"end":{"line":88,"column":15}},{"start":{"line":86,"column":14},"end":{"line":88,"column":15}}],"line":86},"11":{"loc":{"start":{"line":86,"column":18},"end":{"line":86,"column":44}},"type":"binary-expr","locations":[{"start":{"line":86,"column":18},"end":{"line":86,"column":24}},{"start":{"line":86,"column":28},"end":{"line":86,"column":44}}],"line":86},"12":{"loc":{"start":{"line":105,"column":6},"end":{"line":115,"column":7}},"type":"if","locations":[{"start":{"line":105,"column":6},"end":{"line":115,"column":7}},{"start":{"line":105,"column":6},"end":{"line":115,"column":7}}],"line":105},"13":{"loc":{"start":{"line":105,"column":10},"end":{"line":105,"column":102}},"type":"binary-expr","locations":[{"start":{"line":105,"column":10},"end":{"line":105,"column":33}},{"start":{"line":105,"column":38},"end":{"line":105,"column":57}},{"start":{"line":105,"column":61},"end":{"line":105,"column":101}}],"line":105},"14":{"loc":{"start":{"line":123,"column":2},"end":{"line":127,"column":3}},"type":"if","locations":[{"start":{"line":123,"column":2},"end":{"line":127,"column":3}},{"start":{"line":123,"column":2},"end":{"line":127,"column":3}}],"line":123}},"s":{"0":0,"1":0,"2":0,"3":0,"4":0,"5":0,"6":0,"7":0,"8":0,"9":0,"10":0,"11":0,"12":0,"13":0,"14":0,"15":0,"16":0,"17":0,"18":0,"19":0,"20":0,"21":0,"22":0,"23":0,"24":0,"25":0,"26":0,"27":0,"28":0,"29":0,"30":0,"31":0,"32":0,"33":0,"34":0,"35":0,"36":0,"37":0},"f":{"0":0,"1":0,"2":0,"3":0,"4":0,"5":0,"6":0,"7":0,"8":0,"9":0,"10":0,"11":0,"12":0,"13":0,"14":0},"b":{"0":[0,0,0],"1":[0,0],"2":[0,0],"3":[0,0],"4":[0,0],"5":[0,0],"6":[0,0],"7":[0,0],"8":[0,0],"9":[0,0],"10":[0,0],"11":[0,0],"12":[0,0],"13":[0,0,0],"14":[0,0]},"hash":"9c62ec815593ef3211e2bb37e5a6c96b04f2326c"}
,"/home/deadkff01/Desktop/jotto-redux/src/actions/index.js": {"path":"/home/deadkff01/Desktop/jotto-redux/src/actions/index.js","statementMap":{"0":{"start":{"line":4,"column":27},"end":{"line":8,"column":1}},"1":{"start":{"line":17,"column":25},"end":{"line":25,"column":1}},"2":{"start":{"line":17,"column":40},"end":{"line":25,"column":1}},"3":{"start":{"line":18,"column":21},"end":{"line":18,"column":42}},"4":{"start":{"line":19,"column":27},"end":{"line":19,"column":71}},"5":{"start":{"line":20,"column":2},"end":{"line":20,"column":88}},"6":{"start":{"line":22,"column":2},"end":{"line":24,"column":3}},"7":{"start":{"line":23,"column":4},"end":{"line":23,"column":49}},"8":{"start":{"line":41,"column":29},"end":{"line":45,"column":20}},"9":{"start":{"line":41,"column":35},"end":{"line":45,"column":20}},"10":{"start":{"line":42,"column":2},"end":{"line":45,"column":20}},"11":{"start":{"line":44,"column":22},"end":{"line":44,"column":93}}},"fnMap":{"0":{"name":"(anonymous_0)","decl":{"start":{"line":17,"column":25},"end":{"line":17,"column":26}},"loc":{"start":{"line":17,"column":40},"end":{"line":25,"column":1}},"line":17},"1":{"name":"(anonymous_1)","decl":{"start":{"line":17,"column":40},"end":{"line":17,"column":41}},"loc":{"start":{"line":17,"column":64},"end":{"line":25,"column":1}},"line":17},"2":{"name":"(anonymous_2)","decl":{"start":{"line":41,"column":29},"end":{"line":41,"column":30}},"loc":{"start":{"line":41,"column":35},"end":{"line":45,"column":20}},"line":41},"3":{"name":"(anonymous_3)","decl":{"start":{"line":41,"column":35},"end":{"line":41,"column":36}},"loc":{"start":{"line":42,"column":2},"end":{"line":45,"column":20}},"line":42},"4":{"name":"(anonymous_4)","decl":{"start":{"line":44,"column":10},"end":{"line":44,"column":11}},"loc":{"start":{"line":44,"column":22},"end":{"line":44,"column":93}},"line":44},"5":{"name":"(anonymous_5)","decl":{"start":{"line":45,"column":11},"end":{"line":45,"column":12}},"loc":{"start":{"line":45,"column":17},"end":{"line":45,"column":19}},"line":45}},"branchMap":{"0":{"loc":{"start":{"line":22,"column":2},"end":{"line":24,"column":3}},"type":"if","locations":[{"start":{"line":22,"column":2},"end":{"line":24,"column":3}},{"start":{"line":22,"column":2},"end":{"line":24,"column":3}}],"line":22}},"s":{"0":7,"1":7,"2":4,"3":4,"4":4,"5":4,"6":4,"7":2,"8":7,"9":4,"10":4,"11":1},"f":{"0":4,"1":4,"2":4,"3":4,"4":1,"5":0},"b":{"0":[2,2]},"_coverageSchema":"43e27e138ebf9cfc5966b082cf9a028302ed4184","hash":"5f3d2f387dee39c6d5bc5337420a0b5013227faf"}
,"/home/deadkff01/Desktop/jotto-redux/src/components/Congrats/Congrats.js": {"path":"/home/deadkff01/Desktop/jotto-redux/src/components/Congrats/Congrats.js","statementMap":{"0":{"start":{"line":11,"column":17},"end":{"line":18,"column":3}},"1":{"start":{"line":12,"column":2},"end":{"line":18,"column":3}},"2":{"start":{"line":20,"column":0},"end":{"line":22,"column":1}}},"fnMap":{"0":{"name":"(anonymous_0)","decl":{"start":{"line":11,"column":17},"end":{"line":11,"column":18}},"loc":{"start":{"line":12,"column":2},"end":{"line":18,"column":3}},"line":12}},"branchMap":{"0":{"loc":{"start":{"line":12,"column":2},"end":{"line":18,"column":3}},"type":"cond-expr","locations":[{"start":{"line":13,"column":4},"end":{"line":15,"column":10}},{"start":{"line":17,"column":4},"end":{"line":17,"column":42}}],"line":12}},"s":{"0":2,"1":6,"2":2},"f":{"0":6},"b":{"0":[2,4]},"_coverageSchema":"43e27e138ebf9cfc5966b082cf9a028302ed4184","hash":"f9873229ec190b3b15a33cdc435414e744e0f13f"}
,"/home/deadkff01/Desktop/jotto-redux/src/components/Congrats/index.js": {"path":"/home/deadkff01/Desktop/jotto-redux/src/components/Congrats/index.js","statementMap":{},"fnMap":{},"branchMap":{},"s":{},"f":{},"b":{},"_coverageSchema":"43e27e138ebf9cfc5966b082cf9a028302ed4184","hash":"3fa1eb045c723837e328bf683ca89bf0967223a1"}
,"/home/deadkff01/Desktop/jotto-redux/src/components/GuessedWords/GuessedWords.js": {"path":"/home/deadkff01/Desktop/jotto-redux/src/components/GuessedWords/GuessedWords.js","statementMap":{"0":{"start":{"line":4,"column":16},"end":{"line":4,"column":89}},"1":{"start":{"line":6,"column":26},"end":{"line":28,"column":1}},"2":{"start":{"line":7,"column":27},"end":{"line":12,"column":4}},"3":{"start":{"line":8,"column":4},"end":{"line":11,"column":9}},"4":{"start":{"line":14,"column":2},"end":{"line":27,"column":3}},"5":{"start":{"line":30,"column":21},"end":{"line":32,"column":1}},"6":{"start":{"line":31,"column":2},"end":{"line":31,"column":120}},"7":{"start":{"line":34,"column":0},"end":{"line":41,"column":1}}},"fnMap":{"0":{"name":"(anonymous_0)","decl":{"start":{"line":6,"column":26},"end":{"line":6,"column":27}},"loc":{"start":{"line":6,"column":42},"end":{"line":28,"column":1}},"line":6},"1":{"name":"(anonymous_1)","decl":{"start":{"line":7,"column":44},"end":{"line":7,"column":45}},"loc":{"start":{"line":8,"column":4},"end":{"line":11,"column":9}},"line":8},"2":{"name":"(anonymous_2)","decl":{"start":{"line":30,"column":21},"end":{"line":30,"column":22}},"loc":{"start":{"line":31,"column":2},"end":{"line":31,"column":120}},"line":31}},"branchMap":{"0":{"loc":{"start":{"line":31,"column":44},"end":{"line":31,"column":113}},"type":"cond-expr","locations":[{"start":{"line":31,"column":72},"end":{"line":31,"column":79}},{"start":{"line":31,"column":82},"end":{"line":31,"column":113}}],"line":31}},"s":{"0":2,"1":2,"2":4,"3":10,"4":4,"5":2,"6":8,"7":2},"f":{"0":4,"1":10,"2":8},"b":{"0":[4,4]},"_coverageSchema":"43e27e138ebf9cfc5966b082cf9a028302ed4184","hash":"17ce5ea145971913076fd12aea773ab113adbea4"}
,"/home/deadkff01/Desktop/jotto-redux/src/components/GuessedWords/index.js": {"path":"/home/deadkff01/Desktop/jotto-redux/src/components/GuessedWords/index.js","statementMap":{},"fnMap":{},"branchMap":{},"s":{},"f":{},"b":{},"_coverageSchema":"43e27e138ebf9cfc5966b082cf9a028302ed4184","hash":"50bc3c95fb3098fa5559d00d46c0bbe339cf0833"}
,"/home/deadkff01/Desktop/jotto-redux/src/components/Input/Input.js": {"path":"/home/deadkff01/Desktop/jotto-redux/src/components/Input/Input.js","statementMap":{"0":{"start":{"line":9,"column":4},"end":{"line":9,"column":11}},"1":{"start":{"line":10,"column":4},"end":{"line":12,"column":5}},"2":{"start":{"line":13,"column":4},"end":{"line":13,"column":62}},"3":{"start":{"line":17,"column":4},"end":{"line":17,"column":22}},"4":{"start":{"line":18,"column":24},"end":{"line":18,"column":47}},"5":{"start":{"line":19,"column":4},"end":{"line":22,"column":5}},"6":{"start":{"line":20,"column":6},"end":{"line":20,"column":39}},"7":{"start":{"line":21,"column":6},"end":{"line":21,"column":41}},"8":{"start":{"line":26,"column":24},"end":{"line":26,"column":34}},"9":{"start":{"line":27,"column":4},"end":{"line":53,"column":5}},"10":{"start":{"line":38,"column":31},"end":{"line":38,"column":78}},"11":{"start":{"line":57,"column":31},"end":{"line":59,"column":1}},"12":{"start":{"line":58,"column":2},"end":{"line":58,"column":20}},"13":{"start":{"line":60,"column":34},"end":{"line":60,"column":89}},"14":{"start":{"line":60,"column":46},"end":{"line":60,"column":89}}},"fnMap":{"0":{"name":"(anonymous_0)","decl":{"start":{"line":8,"column":2},"end":{"line":8,"column":3}},"loc":{"start":{"line":8,"column":16},"end":{"line":14,"column":3}},"line":8},"1":{"name":"(anonymous_1)","decl":{"start":{"line":16,"column":2},"end":{"line":16,"column":3}},"loc":{"start":{"line":16,"column":23},"end":{"line":23,"column":3}},"line":16},"2":{"name":"(anonymous_2)","decl":{"start":{"line":25,"column":2},"end":{"line":25,"column":3}},"loc":{"start":{"line":25,"column":11},"end":{"line":54,"column":3}},"line":25},"3":{"name":"(anonymous_3)","decl":{"start":{"line":38,"column":26},"end":{"line":38,"column":27}},"loc":{"start":{"line":38,"column":31},"end":{"line":38,"column":78}},"line":38},"4":{"name":"(anonymous_4)","decl":{"start":{"line":57,"column":31},"end":{"line":57,"column":32}},"loc":{"start":{"line":57,"column":48},"end":{"line":59,"column":1}},"line":57},"5":{"name":"(anonymous_5)","decl":{"start":{"line":60,"column":34},"end":{"line":60,"column":35}},"loc":{"start":{"line":60,"column":46},"end":{"line":60,"column":89}},"line":60}},"branchMap":{"0":{"loc":{"start":{"line":19,"column":4},"end":{"line":22,"column":5}},"type":"if","locations":[{"start":{"line":19,"column":4},"end":{"line":22,"column":5}},{"start":{"line":19,"column":4},"end":{"line":22,"column":5}}],"line":19},"1":{"loc":{"start":{"line":19,"column":8},"end":{"line":19,"column":45}},"type":"binary-expr","locations":[{"start":{"line":19,"column":8},"end":{"line":19,"column":19}},{"start":{"line":19,"column":23},"end":{"line":19,"column":45}}],"line":19},"2":{"loc":{"start":{"line":29,"column":9},"end":{"line":51,"column":16}},"type":"cond-expr","locations":[{"start":{"line":30,"column":10},"end":{"line":50,"column":16}},{"start":{"line":51,"column":12},"end":{"line":51,"column":16}}],"line":29}},"s":{"0":13,"1":13,"2":13,"3":3,"4":3,"5":3,"6":3,"7":3,"8":19,"9":19,"10":0,"11":2,"12":10,"13":2,"14":11},"f":{"0":13,"1":3,"2":19,"3":0,"4":10,"5":11},"b":{"0":[3,0],"1":[3,3],"2":[14,5]},"_coverageSchema":"43e27e138ebf9cfc5966b082cf9a028302ed4184","hash":"40043873348d04dec84cd92389b58b8c720e21f5"}
,"/home/deadkff01/Desktop/jotto-redux/src/components/Input/index.js": {"path":"/home/deadkff01/Desktop/jotto-redux/src/components/Input/index.js","statementMap":{},"fnMap":{},"branchMap":{},"s":{},"f":{},"b":{},"_coverageSchema":"43e27e138ebf9cfc5966b082cf9a028302ed4184","hash":"291f284830401a5b6094827d3cb567a37ab86ac6"}
,"/home/deadkff01/Desktop/jotto-redux/src/helpers/index.js": {"path":"/home/deadkff01/Desktop/jotto-redux/src/helpers/index.js","statementMap":{"0":{"start":{"line":7,"column":35},"end":{"line":8,"column":72}},"1":{"start":{"line":8,"column":2},"end":{"line":8,"column":72}},"2":{"start":{"line":8,"column":35},"end":{"line":8,"column":64}}},"fnMap":{"0":{"name":"(anonymous_0)","decl":{"start":{"line":7,"column":35},"end":{"line":7,"column":36}},"loc":{"start":{"line":8,"column":2},"end":{"line":8,"column":72}},"line":8},"1":{"name":"(anonymous_1)","decl":{"start":{"line":8,"column":30},"end":{"line":8,"column":31}},"loc":{"start":{"line":8,"column":35},"end":{"line":8,"column":64}},"line":8}},"branchMap":{},"s":{"0":8,"1":7,"2":35},"f":{"0":7,"1":35},"b":{},"_coverageSchema":"43e27e138ebf9cfc5966b082cf9a028302ed4184","hash":"61d195ef43e7ff271900a95b6a135651c551fa27"}
,"/home/deadkff01/Desktop/jotto-redux/src/reducers/guessedWordsReducer.js": {"path":"/home/deadkff01/Desktop/jotto-redux/src/reducers/guessedWordsReducer.js","statementMap":{"0":{"start":{"line":9,"column":2},"end":{"line":14,"column":3}},"1":{"start":{"line":11,"column":6},"end":{"line":11,"column":39}},"2":{"start":{"line":13,"column":6},"end":{"line":13,"column":18}}},"fnMap":{"0":{"name":"(anonymous_0)","decl":{"start":{"line":8,"column":15},"end":{"line":8,"column":16}},"loc":{"start":{"line":8,"column":39},"end":{"line":15,"column":1}},"line":8}},"branchMap":{"0":{"loc":{"start":{"line":8,"column":16},"end":{"line":8,"column":26}},"type":"default-arg","locations":[{"start":{"line":8,"column":24},"end":{"line":8,"column":26}}],"line":8},"1":{"loc":{"start":{"line":9,"column":2},"end":{"line":14,"column":3}},"type":"switch","locations":[{"start":{"line":10,"column":4},"end":{"line":11,"column":39}},{"start":{"line":12,"column":4},"end":{"line":13,"column":18}}],"line":9}},"s":{"0":40,"1":4,"2":36},"f":{"0":40},"b":{"0":[30],"1":[4,36]},"_coverageSchema":"43e27e138ebf9cfc5966b082cf9a028302ed4184","hash":"94d2e36b21f344bd324f05d91cea9af2d3d5472c"}
,"/home/deadkff01/Desktop/jotto-redux/src/reducers/index.js": {"path":"/home/deadkff01/Desktop/jotto-redux/src/reducers/index.js","statementMap":{},"fnMap":{},"branchMap":{},"s":{},"f":{},"b":{},"_coverageSchema":"43e27e138ebf9cfc5966b082cf9a028302ed4184","hash":"a597b17466cf4aa0f2bf1a9ed74bb7274d75b048"}
,"/home/deadkff01/Desktop/jotto-redux/src/reducers/secretWordReducer.js": {"path":"/home/deadkff01/Desktop/jotto-redux/src/reducers/secretWordReducer.js","statementMap":{"0":{"start":{"line":10,"column":2},"end":{"line":15,"column":3}},"1":{"start":{"line":12,"column":6},"end":{"line":12,"column":27}},"2":{"start":{"line":14,"column":6},"end":{"line":14,"column":18}}},"fnMap":{"0":{"name":"(anonymous_0)","decl":{"start":{"line":9,"column":15},"end":{"line":9,"column":16}},"loc":{"start":{"line":9,"column":41},"end":{"line":16,"column":1}},"line":9}},"branchMap":{"0":{"loc":{"start":{"line":9,"column":16},"end":{"line":9,"column":28}},"type":"default-arg","locations":[{"start":{"line":9,"column":24},"end":{"line":9,"column":28}}],"line":9},"1":{"loc":{"start":{"line":10,"column":2},"end":{"line":15,"column":3}},"type":"switch","locations":[{"start":{"line":11,"column":4},"end":{"line":12,"column":27}},{"start":{"line":13,"column":4},"end":{"line":14,"column":18}}],"line":10}},"s":{"0":40,"1":1,"2":39},"f":{"0":40},"b":{"0":[28],"1":[1,39]},"_coverageSchema":"43e27e138ebf9cfc5966b082cf9a028302ed4184","hash":"092bf097a8d657f6e975e28ec48f581cfc47990b"}
,"/home/deadkff01/Desktop/jotto-redux/src/reducers/successReducer.js": {"path":"/home/deadkff01/Desktop/jotto-redux/src/reducers/successReducer.js","statementMap":{"0":{"start":{"line":10,"column":2},"end":{"line":15,"column":3}},"1":{"start":{"line":12,"column":6},"end":{"line":12,"column":17}},"2":{"start":{"line":14,"column":6},"end":{"line":14,"column":18}}},"fnMap":{"0":{"name":"(anonymous_0)","decl":{"start":{"line":9,"column":15},"end":{"line":9,"column":16}},"loc":{"start":{"line":9,"column":42},"end":{"line":16,"column":1}},"line":9}},"branchMap":{"0":{"loc":{"start":{"line":9,"column":16},"end":{"line":9,"column":29}},"type":"default-arg","locations":[{"start":{"line":9,"column":24},"end":{"line":9,"column":29}}],"line":9},"1":{"loc":{"start":{"line":10,"column":2},"end":{"line":15,"column":3}},"type":"switch","locations":[{"start":{"line":11,"column":4},"end":{"line":12,"column":17}},{"start":{"line":13,"column":4},"end":{"line":14,"column":18}}],"line":10}},"s":{"0":42,"1":3,"2":39},"f":{"0":42},"b":{"0":[27],"1":[3,39]},"_coverageSchema":"43e27e138ebf9cfc5966b082cf9a028302ed4184","hash":"8fdca385c5fba25583109774a2ad9917cb3445fa"}
}
