TN:
SF:/home/deadkff01/Desktop/jotto-redux/src/App.js
FN:16,(anonymous_0)
FN:20,(anonymous_1)
FN:43,(anonymous_2)
FN:47,(anonymous_3)
FNF:4
FNH:4
FNDA:4,(anonymous_0)
FNDA:4,(anonymous_1)
FNDA:3,(anonymous_2)
FNDA:4,(anonymous_3)
DA:17,4
DA:21,4
DA:22,4
DA:43,1
DA:44,3
DA:45,3
DA:47,4
LF:7
LH:7
BRF:0
BRH:0
end_of_record
TN:
SF:/home/deadkff01/Desktop/jotto-redux/src/configureStore.js
FNF:0
FNH:0
DA:5,6
DA:7,6
LF:2
LH:2
BRF:0
BRH:0
end_of_record
TN:
SF:/home/deadkff01/Desktop/jotto-redux/src/index.js
FNF:0
FNH:0
DA:9,0
DA:19,0
LF:2
LH:0
BRF:0
BRH:0
end_of_record
TN:
SF:/home/deadkff01/Desktop/jotto-redux/src/serviceWorker.js
FN:21,register
FN:32,(anonymous_1)
FN:41,(anonymous_2)
FN:55,registerValidSW
FN:58,(anonymous_4)
FN:59,(anonymous_5)
FN:64,(anonymous_6)
FN:94,(anonymous_7)
FN:99,checkValidServiceWorker
FN:102,(anonymous_9)
FN:107,(anonymous_10)
FN:108,(anonymous_11)
FN:117,(anonymous_12)
FN:122,unregister
FN:124,(anonymous_14)
FNF:15
FNH:0
FNDA:0,register
FNDA:0,(anonymous_1)
FNDA:0,(anonymous_2)
FNDA:0,registerValidSW
FNDA:0,(anonymous_4)
FNDA:0,(anonymous_5)
FNDA:0,(anonymous_6)
FNDA:0,(anonymous_7)
FNDA:0,checkValidServiceWorker
FNDA:0,(anonymous_9)
FNDA:0,(anonymous_10)
FNDA:0,(anonymous_11)
FNDA:0,(anonymous_12)
FNDA:0,unregister
FNDA:0,(anonymous_14)
DA:13,0
DA:22,0
DA:24,0
DA:25,0
DA:29,0
DA:32,0
DA:33,0
DA:35,0
DA:37,0
DA:41,0
DA:42,0
DA:49,0
DA:56,0
DA:59,0
DA:60,0
DA:61,0
DA:62,0
DA:64,0
DA:65,0
DA:66,0
DA:70,0
DA:76,0
DA:77,0
DA:83,0
DA:86,0
DA:87,0
DA:95,0
DA:101,0
DA:104,0
DA:105,0
DA:107,0
DA:108,0
DA:109,0
DA:114,0
DA:118,0
DA:123,0
DA:124,0
DA:125,0
LF:38
LH:0
BRDA:14,0,0,0
BRDA:14,0,1,0
BRDA:14,0,2,0
BRDA:22,1,0,0
BRDA:22,1,1,0
BRDA:22,2,0,0
BRDA:22,2,1,0
BRDA:25,3,0,0
BRDA:25,3,1,0
BRDA:35,4,0,0
BRDA:35,4,1,0
BRDA:61,5,0,0
BRDA:61,5,1,0
BRDA:65,6,0,0
BRDA:65,6,1,0
BRDA:66,7,0,0
BRDA:66,7,1,0
BRDA:76,8,0,0
BRDA:76,8,1,0
BRDA:76,9,0,0
BRDA:76,9,1,0
BRDA:86,10,0,0
BRDA:86,10,1,0
BRDA:86,11,0,0
BRDA:86,11,1,0
BRDA:105,12,0,0
BRDA:105,12,1,0
BRDA:105,13,0,0
BRDA:105,13,1,0
BRDA:105,13,2,0
BRDA:123,14,0,0
BRDA:123,14,1,0
BRF:32
BRH:0
end_of_record
TN:
SF:/home/deadkff01/Desktop/jotto-redux/src/actions/index.js
FN:17,(anonymous_0)
FN:17,(anonymous_1)
FN:41,(anonymous_2)
FN:41,(anonymous_3)
FN:44,(anonymous_4)
FN:45,(anonymous_5)
FNF:6
FNH:5
FNDA:4,(anonymous_0)
FNDA:4,(anonymous_1)
FNDA:4,(anonymous_2)
FNDA:4,(anonymous_3)
FNDA:1,(anonymous_4)
FNDA:0,(anonymous_5)
DA:4,7
DA:17,7
DA:18,4
DA:19,4
DA:20,4
DA:22,4
DA:23,2
DA:41,7
DA:42,4
DA:44,1
LF:10
LH:10
BRDA:22,0,0,2
BRDA:22,0,1,2
BRF:2
BRH:2
end_of_record
TN:
SF:/home/deadkff01/Desktop/jotto-redux/src/components/Congrats/Congrats.js
FN:11,(anonymous_0)
FNF:1
FNH:1
FNDA:6,(anonymous_0)
DA:11,2
DA:12,6
DA:20,2
LF:3
LH:3
BRDA:12,0,0,2
BRDA:12,0,1,4
BRF:2
BRH:2
end_of_record
TN:
SF:/home/deadkff01/Desktop/jotto-redux/src/components/Congrats/index.js
FNF:0
FNH:0
LF:0
LH:0
BRF:0
BRH:0
end_of_record
TN:
SF:/home/deadkff01/Desktop/jotto-redux/src/components/GuessedWords/GuessedWords.js
FN:6,(anonymous_0)
FN:7,(anonymous_1)
FN:30,(anonymous_2)
FNF:3
FNH:3
FNDA:4,(anonymous_0)
FNDA:10,(anonymous_1)
FNDA:8,(anonymous_2)
DA:4,2
DA:6,2
DA:7,4
DA:8,10
DA:14,4
DA:30,2
DA:31,8
DA:34,2
LF:8
LH:8
BRDA:31,0,0,4
BRDA:31,0,1,4
BRF:2
BRH:2
end_of_record
TN:
SF:/home/deadkff01/Desktop/jotto-redux/src/components/GuessedWords/index.js
FNF:0
FNH:0
LF:0
LH:0
BRF:0
BRH:0
end_of_record
TN:
SF:/home/deadkff01/Desktop/jotto-redux/src/components/Input/Input.js
FN:8,(anonymous_0)
FN:16,(anonymous_1)
FN:25,(anonymous_2)
FN:38,(anonymous_3)
FN:57,(anonymous_4)
FN:60,(anonymous_5)
FNF:6
FNH:5
FNDA:13,(anonymous_0)
FNDA:3,(anonymous_1)
FNDA:19,(anonymous_2)
FNDA:0,(anonymous_3)
FNDA:10,(anonymous_4)
FNDA:11,(anonymous_5)
DA:9,13
DA:10,13
DA:13,13
DA:17,3
DA:18,3
DA:19,3
DA:20,3
DA:21,3
DA:26,19
DA:27,19
DA:38,0
DA:57,2
DA:58,10
DA:60,11
LF:14
LH:13
BRDA:19,0,0,3
BRDA:19,0,1,0
BRDA:19,1,0,3
BRDA:19,1,1,3
BRDA:29,2,0,14
BRDA:29,2,1,5
BRF:6
BRH:5
end_of_record
TN:
SF:/home/deadkff01/Desktop/jotto-redux/src/components/Input/index.js
FNF:0
FNH:0
LF:0
LH:0
BRF:0
BRH:0
end_of_record
TN:
SF:/home/deadkff01/Desktop/jotto-redux/src/helpers/index.js
FN:7,(anonymous_0)
FN:8,(anonymous_1)
FNF:2
FNH:2
FNDA:7,(anonymous_0)
FNDA:35,(anonymous_1)
DA:7,8
DA:8,35
LF:2
LH:2
BRF:0
BRH:0
end_of_record
TN:
SF:/home/deadkff01/Desktop/jotto-redux/src/reducers/guessedWordsReducer.js
FN:8,(anonymous_0)
FNF:1
FNH:1
FNDA:40,(anonymous_0)
DA:9,40
DA:11,4
DA:13,36
LF:3
LH:3
BRDA:8,0,0,30
BRDA:9,1,0,4
BRDA:9,1,1,36
BRF:3
BRH:3
end_of_record
TN:
SF:/home/deadkff01/Desktop/jotto-redux/src/reducers/index.js
FNF:0
FNH:0
LF:0
LH:0
BRF:0
BRH:0
end_of_record
TN:
SF:/home/deadkff01/Desktop/jotto-redux/src/reducers/secretWordReducer.js
FN:9,(anonymous_0)
FNF:1
FNH:1
FNDA:40,(anonymous_0)
DA:10,40
DA:12,1
DA:14,39
LF:3
LH:3
BRDA:9,0,0,28
BRDA:10,1,0,1
BRDA:10,1,1,39
BRF:3
BRH:3
end_of_record
TN:
SF:/home/deadkff01/Desktop/jotto-redux/src/reducers/successReducer.js
FN:9,(anonymous_0)
FNF:1
FNH:1
FNDA:42,(anonymous_0)
DA:10,42
DA:12,3
DA:14,39
LF:3
LH:3
BRDA:9,0,0,27
BRDA:10,1,0,3
BRDA:10,1,1,39
BRF:3
BRH:3
end_of_record
